Your branch is up to date with 'origin/master'.
On branch master
Your branch is up to date with 'origin/master'.

Untracked files:
	.local.git.out
	daytime-client
	daytime-client.o
	daytime-server
	daytime-server.o
	hello.o
	hello.so
	myhttpd
	myhttpd.o
	use-dlopen
	use-dlopen.o

nothing added to commit but untracked files present
M	myhttpd.cc
Your branch is up to date with 'origin/master'.
[master 6a6ca81] Web Server
 Committer: Jackson Nicholas Bauer <bauer88@data.cs.purdue.edu>
Your name and email address were configured automatically based
on your username and hostname. Please check that they are accurate.
You can suppress this message by setting them explicitly. Run the
following command and follow the instructions in your editor to edit
your configuration file:

    git config --global --edit

After doing this, you may fix the identity used for this commit with:

    git commit --amend --reset-author

 1 file changed, 99 insertions(+)
M	Makefile
M	myhttpd.cc
Your branch is up to date with 'origin/master'.
[master 9efa9cf] Web Server
 Committer: Jackson Nicholas Bauer <bauer88@data.cs.purdue.edu>
Your name and email address were configured automatically based
on your username and hostname. Please check that they are accurate.
You can suppress this message by setting them explicitly. Run the
following command and follow the instructions in your editor to edit
your configuration file:

    git config --global --edit

After doing this, you may fix the identity used for this commit with:

    git commit --amend --reset-author

 2 files changed, 6 insertions(+), 2 deletions(-)
M	myhttpd.cc
Your branch is up to date with 'origin/master'.
[master 61b5dc9] Web Server
 Committer: Jackson Nicholas Bauer <bauer88@data.cs.purdue.edu>
Your name and email address were configured automatically based
on your username and hostname. Please check that they are accurate.
You can suppress this message by setting them explicitly. Run the
following command and follow the instructions in your editor to edit
your configuration file:

    git config --global --edit

After doing this, you may fix the identity used for this commit with:

    git commit --amend --reset-author

 1 file changed, 11 insertions(+)
M	myhttpd.cc
Your branch is up to date with 'origin/master'.
[master ed57a03] Web Server
 Committer: Jackson Nicholas Bauer <bauer88@data.cs.purdue.edu>
Your name and email address were configured automatically based
on your username and hostname. Please check that they are accurate.
You can suppress this message by setting them explicitly. Run the
following command and follow the instructions in your editor to edit
your configuration file:

    git config --global --edit

After doing this, you may fix the identity used for this commit with:

    git commit --amend --reset-author

 1 file changed, 64 insertions(+), 6 deletions(-)
M	myhttpd.cc
Your branch is up to date with 'origin/master'.
[master 146c2a0] Web Server
 Committer: Jackson Nicholas Bauer <bauer88@data.cs.purdue.edu>
Your name and email address were configured automatically based
on your username and hostname. Please check that they are accurate.
You can suppress this message by setting them explicitly. Run the
following command and follow the instructions in your editor to edit
your configuration file:

    git config --global --edit

After doing this, you may fix the identity used for this commit with:

    git commit --amend --reset-author

 1 file changed, 31 insertions(+), 6 deletions(-)
M	myhttpd.cc
Your branch is up to date with 'origin/master'.
[master 175e3b8] Web Server
 Committer: Jackson Nicholas Bauer <bauer88@data.cs.purdue.edu>
Your name and email address were configured automatically based
on your username and hostname. Please check that they are accurate.
You can suppress this message by setting them explicitly. Run the
following command and follow the instructions in your editor to edit
your configuration file:

    git config --global --edit

After doing this, you may fix the identity used for this commit with:

    git commit --amend --reset-author

 1 file changed, 2 insertions(+), 1 deletion(-)
M	myhttpd.cc
Your branch is up to date with 'origin/master'.
[master 249ac52] Web Server
 Committer: Jackson Nicholas Bauer <bauer88@data.cs.purdue.edu>
Your name and email address were configured automatically based
on your username and hostname. Please check that they are accurate.
You can suppress this message by setting them explicitly. Run the
following command and follow the instructions in your editor to edit
your configuration file:

    git config --global --edit

After doing this, you may fix the identity used for this commit with:

    git commit --amend --reset-author

 1 file changed, 1 insertion(+), 1 deletion(-)
M	myhttpd.cc
Your branch is up to date with 'origin/master'.
[master e9eabc4] Web Server
 Committer: Jackson Nicholas Bauer <bauer88@data.cs.purdue.edu>
Your name and email address were configured automatically based
on your username and hostname. Please check that they are accurate.
You can suppress this message by setting them explicitly. Run the
following command and follow the instructions in your editor to edit
your configuration file:

    git config --global --edit

After doing this, you may fix the identity used for this commit with:

    git commit --amend --reset-author

 1 file changed, 4 insertions(+), 3 deletions(-)
M	myhttpd.cc
Your branch is up to date with 'origin/master'.
[master 7a931f0] Web Server
 Committer: Jackson Nicholas Bauer <bauer88@data.cs.purdue.edu>
Your name and email address were configured automatically based
on your username and hostname. Please check that they are accurate.
You can suppress this message by setting them explicitly. Run the
following command and follow the instructions in your editor to edit
your configuration file:

    git config --global --edit

After doing this, you may fix the identity used for this commit with:

    git commit --amend --reset-author

 1 file changed, 1 insertion(+), 1 deletion(-)
M	myhttpd.cc
Your branch is up to date with 'origin/master'.
[master e11efc0] Web Server
 Committer: Jackson Nicholas Bauer <bauer88@data.cs.purdue.edu>
Your name and email address were configured automatically based
on your username and hostname. Please check that they are accurate.
You can suppress this message by setting them explicitly. Run the
following command and follow the instructions in your editor to edit
your configuration file:

    git config --global --edit

After doing this, you may fix the identity used for this commit with:

    git commit --amend --reset-author

 1 file changed, 1 insertion(+), 1 deletion(-)
M	myhttpd.cc
Your branch is up to date with 'origin/master'.
[master 5ce7597] Web Server
 Committer: Jackson Nicholas Bauer <bauer88@data.cs.purdue.edu>
Your name and email address were configured automatically based
on your username and hostname. Please check that they are accurate.
You can suppress this message by setting them explicitly. Run the
following command and follow the instructions in your editor to edit
your configuration file:

    git config --global --edit

After doing this, you may fix the identity used for this commit with:

    git commit --amend --reset-author

 1 file changed, 1 insertion(+), 1 deletion(-)
M	myhttpd.cc
Your branch is up to date with 'origin/master'.
[master 4659cd5] Web Server
 Committer: Jackson Nicholas Bauer <bauer88@data.cs.purdue.edu>
Your name and email address were configured automatically based
on your username and hostname. Please check that they are accurate.
You can suppress this message by setting them explicitly. Run the
following command and follow the instructions in your editor to edit
your configuration file:

    git config --global --edit

After doing this, you may fix the identity used for this commit with:

    git commit --amend --reset-author

 1 file changed, 2 insertions(+), 2 deletions(-)
M	myhttpd.cc
Your branch is up to date with 'origin/master'.
[master 881c370] Web Server
 Committer: Jackson Nicholas Bauer <bauer88@data.cs.purdue.edu>
Your name and email address were configured automatically based
on your username and hostname. Please check that they are accurate.
You can suppress this message by setting them explicitly. Run the
following command and follow the instructions in your editor to edit
your configuration file:

    git config --global --edit

After doing this, you may fix the identity used for this commit with:

    git commit --amend --reset-author

 1 file changed, 1 insertion(+)
M	myhttpd.cc
Your branch is up to date with 'origin/master'.
[master e9bdfa0] Web Server
 Committer: Jackson Nicholas Bauer <bauer88@data.cs.purdue.edu>
Your name and email address were configured automatically based
on your username and hostname. Please check that they are accurate.
You can suppress this message by setting them explicitly. Run the
following command and follow the instructions in your editor to edit
your configuration file:

    git config --global --edit

After doing this, you may fix the identity used for this commit with:

    git commit --amend --reset-author

 1 file changed, 5 insertions(+), 5 deletions(-)
M	myhttpd.cc
Your branch is up to date with 'origin/master'.
[master bce49aa] Web Server
 Committer: Jackson Nicholas Bauer <bauer88@data.cs.purdue.edu>
Your name and email address were configured automatically based
on your username and hostname. Please check that they are accurate.
You can suppress this message by setting them explicitly. Run the
following command and follow the instructions in your editor to edit
your configuration file:

    git config --global --edit

After doing this, you may fix the identity used for this commit with:

    git commit --amend --reset-author

 1 file changed, 2 insertions(+), 2 deletions(-)
M	myhttpd.cc
Your branch is up to date with 'origin/master'.
[master 9724525] Web Server
 Committer: Jackson Nicholas Bauer <bauer88@data.cs.purdue.edu>
Your name and email address were configured automatically based
on your username and hostname. Please check that they are accurate.
You can suppress this message by setting them explicitly. Run the
following command and follow the instructions in your editor to edit
your configuration file:

    git config --global --edit

After doing this, you may fix the identity used for this commit with:

    git commit --amend --reset-author

 1 file changed, 4 insertions(+), 4 deletions(-)
M	myhttpd.cc
Your branch is up to date with 'origin/master'.
[master f5e8b71] Web Server
 Committer: Jackson Nicholas Bauer <bauer88@data.cs.purdue.edu>
Your name and email address were configured automatically based
on your username and hostname. Please check that they are accurate.
You can suppress this message by setting them explicitly. Run the
following command and follow the instructions in your editor to edit
your configuration file:

    git config --global --edit

After doing this, you may fix the identity used for this commit with:

    git commit --amend --reset-author

 1 file changed, 1 insertion(+), 1 deletion(-)
M	myhttpd.cc
Your branch is up to date with 'origin/master'.
[master 0d55d02] Web Server
 Committer: Jackson Nicholas Bauer <bauer88@data.cs.purdue.edu>
Your name and email address were configured automatically based
on your username and hostname. Please check that they are accurate.
You can suppress this message by setting them explicitly. Run the
following command and follow the instructions in your editor to edit
your configuration file:

    git config --global --edit

After doing this, you may fix the identity used for this commit with:

    git commit --amend --reset-author

 1 file changed, 1 insertion(+), 1 deletion(-)
M	http-root-dir/htdocs/index.html
Your branch is up to date with 'origin/master'.
[master 6e2696d] Web Server
 Committer: Jackson Nicholas Bauer <bauer88@data.cs.purdue.edu>
Your name and email address were configured automatically based
on your username and hostname. Please check that they are accurate.
You can suppress this message by setting them explicitly. Run the
following command and follow the instructions in your editor to edit
your configuration file:

    git config --global --edit

After doing this, you may fix the identity used for this commit with:

    git commit --amend --reset-author

 1 file changed, 2 insertions(+), 2 deletions(-)
M	myhttpd.cc
Your branch is up to date with 'origin/master'.
[master 77cec6d] Web Server
 Committer: Jackson Nicholas Bauer <bauer88@data.cs.purdue.edu>
Your name and email address were configured automatically based
on your username and hostname. Please check that they are accurate.
You can suppress this message by setting them explicitly. Run the
following command and follow the instructions in your editor to edit
your configuration file:

    git config --global --edit

After doing this, you may fix the identity used for this commit with:

    git commit --amend --reset-author

 1 file changed, 32 insertions(+), 3 deletions(-)
M	myhttpd.cc
Your branch is up to date with 'origin/master'.
[master ce73a13] Web Server
 Committer: Jackson Nicholas Bauer <bauer88@data.cs.purdue.edu>
Your name and email address were configured automatically based
on your username and hostname. Please check that they are accurate.
You can suppress this message by setting them explicitly. Run the
following command and follow the instructions in your editor to edit
your configuration file:

    git config --global --edit

After doing this, you may fix the identity used for this commit with:

    git commit --amend --reset-author

 1 file changed, 1 insertion(+), 1 deletion(-)
M	myhttpd.cc
Your branch is up to date with 'origin/master'.
[master 878001a] Web Server
 Committer: Jackson Nicholas Bauer <bauer88@data.cs.purdue.edu>
Your name and email address were configured automatically based
on your username and hostname. Please check that they are accurate.
You can suppress this message by setting them explicitly. Run the
following command and follow the instructions in your editor to edit
your configuration file:

    git config --global --edit

After doing this, you may fix the identity used for this commit with:

    git commit --amend --reset-author

 1 file changed, 16 insertions(+), 3 deletions(-)
M	myhttpd.cc
Your branch is up to date with 'origin/master'.
[master f878a10] Web Server
 Committer: Jackson Nicholas Bauer <bauer88@data.cs.purdue.edu>
Your name and email address were configured automatically based
on your username and hostname. Please check that they are accurate.
You can suppress this message by setting them explicitly. Run the
following command and follow the instructions in your editor to edit
your configuration file:

    git config --global --edit

After doing this, you may fix the identity used for this commit with:

    git commit --amend --reset-author

 1 file changed, 2 insertions(+), 1 deletion(-)
M	myhttpd.cc
Your branch is up to date with 'origin/master'.
[master e4b6e8f] Web Server
 Committer: Jackson Nicholas Bauer <bauer88@data.cs.purdue.edu>
Your name and email address were configured automatically based
on your username and hostname. Please check that they are accurate.
You can suppress this message by setting them explicitly. Run the
following command and follow the instructions in your editor to edit
your configuration file:

    git config --global --edit

After doing this, you may fix the identity used for this commit with:

    git commit --amend --reset-author

 1 file changed, 1 insertion(+), 1 deletion(-)
M	myhttpd.cc
Your branch is up to date with 'origin/master'.
[master 57a24b5] Web Server
 Committer: Jackson Nicholas Bauer <bauer88@data.cs.purdue.edu>
Your name and email address were configured automatically based
on your username and hostname. Please check that they are accurate.
You can suppress this message by setting them explicitly. Run the
following command and follow the instructions in your editor to edit
your configuration file:

    git config --global --edit

After doing this, you may fix the identity used for this commit with:

    git commit --amend --reset-author

 1 file changed, 1 insertion(+), 1 deletion(-)
M	myhttpd.cc
Your branch is up to date with 'origin/master'.
[master bf4c366] Web Server
 Committer: Jackson Nicholas Bauer <bauer88@data.cs.purdue.edu>
Your name and email address were configured automatically based
on your username and hostname. Please check that they are accurate.
You can suppress this message by setting them explicitly. Run the
following command and follow the instructions in your editor to edit
your configuration file:

    git config --global --edit

After doing this, you may fix the identity used for this commit with:

    git commit --amend --reset-author

 1 file changed, 5 insertions(+), 3 deletions(-)
M	myhttpd.cc
Your branch is up to date with 'origin/master'.
[master 359cff5] Web Server
 Committer: Jackson Nicholas Bauer <bauer88@data.cs.purdue.edu>
Your name and email address were configured automatically based
on your username and hostname. Please check that they are accurate.
You can suppress this message by setting them explicitly. Run the
following command and follow the instructions in your editor to edit
your configuration file:

    git config --global --edit

After doing this, you may fix the identity used for this commit with:

    git commit --amend --reset-author

 1 file changed, 1 insertion(+), 1 deletion(-)
M	myhttpd.cc
Your branch is up to date with 'origin/master'.
[master 14c5371] Web Server
 Committer: Jackson Nicholas Bauer <bauer88@data.cs.purdue.edu>
Your name and email address were configured automatically based
on your username and hostname. Please check that they are accurate.
You can suppress this message by setting them explicitly. Run the
following command and follow the instructions in your editor to edit
your configuration file:

    git config --global --edit

After doing this, you may fix the identity used for this commit with:

    git commit --amend --reset-author

 1 file changed, 3 insertions(+), 3 deletions(-)
M	myhttpd.cc
Your branch is up to date with 'origin/master'.
[master 5d41a86] Web Server
 Committer: Jackson Nicholas Bauer <bauer88@data.cs.purdue.edu>
Your name and email address were configured automatically based
on your username and hostname. Please check that they are accurate.
You can suppress this message by setting them explicitly. Run the
following command and follow the instructions in your editor to edit
your configuration file:

    git config --global --edit

After doing this, you may fix the identity used for this commit with:

    git commit --amend --reset-author

 1 file changed, 3 insertions(+), 3 deletions(-)
M	myhttpd.cc
Your branch is up to date with 'origin/master'.
[master dfdfe71] Web Server
 Committer: Jackson Nicholas Bauer <bauer88@data.cs.purdue.edu>
Your name and email address were configured automatically based
on your username and hostname. Please check that they are accurate.
You can suppress this message by setting them explicitly. Run the
following command and follow the instructions in your editor to edit
your configuration file:

    git config --global --edit

After doing this, you may fix the identity used for this commit with:

    git commit --amend --reset-author

 1 file changed, 2 insertions(+), 2 deletions(-)
M	myhttpd.cc
Your branch is up to date with 'origin/master'.
[master 9acf115] Web Server
 Committer: Jackson Nicholas Bauer <bauer88@data.cs.purdue.edu>
Your name and email address were configured automatically based
on your username and hostname. Please check that they are accurate.
You can suppress this message by setting them explicitly. Run the
following command and follow the instructions in your editor to edit
your configuration file:

    git config --global --edit

After doing this, you may fix the identity used for this commit with:

    git commit --amend --reset-author

 1 file changed, 1 insertion(+), 1 deletion(-)
M	myhttpd.cc
Your branch is up to date with 'origin/master'.
[master 3dbed79] Web Server
 Committer: Jackson Nicholas Bauer <bauer88@data.cs.purdue.edu>
Your name and email address were configured automatically based
on your username and hostname. Please check that they are accurate.
You can suppress this message by setting them explicitly. Run the
following command and follow the instructions in your editor to edit
your configuration file:

    git config --global --edit

After doing this, you may fix the identity used for this commit with:

    git commit --amend --reset-author

 1 file changed, 1 insertion(+), 1 deletion(-)
M	myhttpd.cc
Your branch is up to date with 'origin/master'.
[master 86a2ffc] Web Server
 Committer: Jackson Nicholas Bauer <bauer88@data.cs.purdue.edu>
Your name and email address were configured automatically based
on your username and hostname. Please check that they are accurate.
You can suppress this message by setting them explicitly. Run the
following command and follow the instructions in your editor to edit
your configuration file:

    git config --global --edit

After doing this, you may fix the identity used for this commit with:

    git commit --amend --reset-author

 1 file changed, 1 insertion(+), 1 deletion(-)
M	myhttpd.cc
Your branch is up to date with 'origin/master'.
[master 4aaa98a] Web Server
 Committer: Jackson Nicholas Bauer <bauer88@data.cs.purdue.edu>
Your name and email address were configured automatically based
on your username and hostname. Please check that they are accurate.
You can suppress this message by setting them explicitly. Run the
following command and follow the instructions in your editor to edit
your configuration file:

    git config --global --edit

After doing this, you may fix the identity used for this commit with:

    git commit --amend --reset-author

 1 file changed, 1 insertion(+), 1 deletion(-)
M	myhttpd.cc
Your branch is up to date with 'origin/master'.
[master 9d6a906] Web Server
 Committer: Jackson Nicholas Bauer <bauer88@data.cs.purdue.edu>
Your name and email address were configured automatically based
on your username and hostname. Please check that they are accurate.
You can suppress this message by setting them explicitly. Run the
following command and follow the instructions in your editor to edit
your configuration file:

    git config --global --edit

After doing this, you may fix the identity used for this commit with:

    git commit --amend --reset-author

 1 file changed, 9 insertions(+), 1 deletion(-)
M	myhttpd.cc
Your branch is up to date with 'origin/master'.
[master cd1ff26] Web Server
 Committer: Jackson Nicholas Bauer <bauer88@data.cs.purdue.edu>
Your name and email address were configured automatically based
on your username and hostname. Please check that they are accurate.
You can suppress this message by setting them explicitly. Run the
following command and follow the instructions in your editor to edit
your configuration file:

    git config --global --edit

After doing this, you may fix the identity used for this commit with:

    git commit --amend --reset-author

 1 file changed, 59 insertions(+), 10 deletions(-)
M	myhttpd.cc
Your branch is up to date with 'origin/master'.
[master e4e6950] Web Server
 Committer: Jackson Nicholas Bauer <bauer88@data.cs.purdue.edu>
Your name and email address were configured automatically based
on your username and hostname. Please check that they are accurate.
You can suppress this message by setting them explicitly. Run the
following command and follow the instructions in your editor to edit
your configuration file:

    git config --global --edit

After doing this, you may fix the identity used for this commit with:

    git commit --amend --reset-author

 1 file changed, 1 insertion(+), 1 deletion(-)
Your branch is up to date with 'origin/master'.
On branch master
Your branch is up to date with 'origin/master'.

Untracked files:
	.local.git.out
	daytime-client
	daytime-client.o
	daytime-server
	daytime-server.o
	hello.o
	hello.so
	myhttpd
	myhttpd.cc.save
	myhttpd.o
	use-dlopen
	use-dlopen.o

nothing added to commit but untracked files present
M	myhttpd.cc
Your branch is up to date with 'origin/master'.
[master a6c1d7a] Web Server
 Committer: Jackson Nicholas Bauer <bauer88@data.cs.purdue.edu>
Your name and email address were configured automatically based
on your username and hostname. Please check that they are accurate.
You can suppress this message by setting them explicitly. Run the
following command and follow the instructions in your editor to edit
your configuration file:

    git config --global --edit

After doing this, you may fix the identity used for this commit with:

    git commit --amend --reset-author

 1 file changed, 2 insertions(+), 2 deletions(-)
M	myhttpd.cc
Your branch is up to date with 'origin/master'.
[master f772425] Web Server
 Committer: Jackson Nicholas Bauer <bauer88@data.cs.purdue.edu>
Your name and email address were configured automatically based
on your username and hostname. Please check that they are accurate.
You can suppress this message by setting them explicitly. Run the
following command and follow the instructions in your editor to edit
your configuration file:

    git config --global --edit

After doing this, you may fix the identity used for this commit with:

    git commit --amend --reset-author

 1 file changed, 1 insertion(+)
M	myhttpd.cc
Your branch is up to date with 'origin/master'.
[master 00ce40d] Web Server
 Committer: Jackson Nicholas Bauer <bauer88@data.cs.purdue.edu>
Your name and email address were configured automatically based
on your username and hostname. Please check that they are accurate.
You can suppress this message by setting them explicitly. Run the
following command and follow the instructions in your editor to edit
your configuration file:

    git config --global --edit

After doing this, you may fix the identity used for this commit with:

    git commit --amend --reset-author

 1 file changed, 1 insertion(+), 1 deletion(-)
M	myhttpd.cc
Your branch is up to date with 'origin/master'.
[master 8f27119] Web Server
 Committer: Jackson Nicholas Bauer <bauer88@data.cs.purdue.edu>
Your name and email address were configured automatically based
on your username and hostname. Please check that they are accurate.
You can suppress this message by setting them explicitly. Run the
following command and follow the instructions in your editor to edit
your configuration file:

    git config --global --edit

After doing this, you may fix the identity used for this commit with:

    git commit --amend --reset-author

 1 file changed, 3 insertions(+), 3 deletions(-)
M	myhttpd.cc
Your branch is up to date with 'origin/master'.
[master 4e0f149] Web Server
 Committer: Jackson Nicholas Bauer <bauer88@data.cs.purdue.edu>
Your name and email address were configured automatically based
on your username and hostname. Please check that they are accurate.
You can suppress this message by setting them explicitly. Run the
following command and follow the instructions in your editor to edit
your configuration file:

    git config --global --edit

After doing this, you may fix the identity used for this commit with:

    git commit --amend --reset-author

 1 file changed, 2 insertions(+), 2 deletions(-)
M	myhttpd.cc
Your branch is up to date with 'origin/master'.
[master 7d93925] Web Server
 Committer: Jackson Nicholas Bauer <bauer88@data.cs.purdue.edu>
Your name and email address were configured automatically based
on your username and hostname. Please check that they are accurate.
You can suppress this message by setting them explicitly. Run the
following command and follow the instructions in your editor to edit
your configuration file:

    git config --global --edit

After doing this, you may fix the identity used for this commit with:

    git commit --amend --reset-author

 1 file changed, 5 insertions(+), 1 deletion(-)
M	Makefile
M	myhttpd.cc
Your branch is up to date with 'origin/master'.
[master db1002f] Web Server
 Committer: Jackson Nicholas Bauer <bauer88@data.cs.purdue.edu>
Your name and email address were configured automatically based
on your username and hostname. Please check that they are accurate.
You can suppress this message by setting them explicitly. Run the
following command and follow the instructions in your editor to edit
your configuration file:

    git config --global --edit

After doing this, you may fix the identity used for this commit with:

    git commit --amend --reset-author

 2 files changed, 46 insertions(+), 10 deletions(-)
M	myhttpd.cc
Your branch is up to date with 'origin/master'.
[master 53e81c4] Web Server
 Committer: Jackson Nicholas Bauer <bauer88@data.cs.purdue.edu>
Your name and email address were configured automatically based
on your username and hostname. Please check that they are accurate.
You can suppress this message by setting them explicitly. Run the
following command and follow the instructions in your editor to edit
your configuration file:

    git config --global --edit

After doing this, you may fix the identity used for this commit with:

    git commit --amend --reset-author

 1 file changed, 1 insertion(+)
M	myhttpd.cc
Your branch is up to date with 'origin/master'.
[master 998a1f6] Web Server
 Committer: Jackson Nicholas Bauer <bauer88@data.cs.purdue.edu>
Your name and email address were configured automatically based
on your username and hostname. Please check that they are accurate.
You can suppress this message by setting them explicitly. Run the
following command and follow the instructions in your editor to edit
your configuration file:

    git config --global --edit

After doing this, you may fix the identity used for this commit with:

    git commit --amend --reset-author

 1 file changed, 6 insertions(+), 5 deletions(-)
M	myhttpd.cc
Your branch is up to date with 'origin/master'.
[master e65df3a] Web Server
 Committer: Jackson Nicholas Bauer <bauer88@data.cs.purdue.edu>
Your name and email address were configured automatically based
on your username and hostname. Please check that they are accurate.
You can suppress this message by setting them explicitly. Run the
following command and follow the instructions in your editor to edit
your configuration file:

    git config --global --edit

After doing this, you may fix the identity used for this commit with:

    git commit --amend --reset-author

 1 file changed, 11 insertions(+), 9 deletions(-)
M	myhttpd.cc
Your branch is up to date with 'origin/master'.
[master b10b49b] Web Server
 Committer: Jackson Nicholas Bauer <bauer88@data.cs.purdue.edu>
Your name and email address were configured automatically based
on your username and hostname. Please check that they are accurate.
You can suppress this message by setting them explicitly. Run the
following command and follow the instructions in your editor to edit
your configuration file:

    git config --global --edit

After doing this, you may fix the identity used for this commit with:

    git commit --amend --reset-author

 1 file changed, 23 insertions(+), 1 deletion(-)
M	myhttpd.cc
Your branch is up to date with 'origin/master'.
[master 1ff1715] Web Server
 Committer: Jackson Nicholas Bauer <bauer88@data.cs.purdue.edu>
Your name and email address were configured automatically based
on your username and hostname. Please check that they are accurate.
You can suppress this message by setting them explicitly. Run the
following command and follow the instructions in your editor to edit
your configuration file:

    git config --global --edit

After doing this, you may fix the identity used for this commit with:

    git commit --amend --reset-author

 1 file changed, 5 insertions(+)
M	myhttpd.cc
Your branch is up to date with 'origin/master'.
[master 44125f8] Web Server
 Committer: Jackson Nicholas Bauer <bauer88@data.cs.purdue.edu>
Your name and email address were configured automatically based
on your username and hostname. Please check that they are accurate.
You can suppress this message by setting them explicitly. Run the
following command and follow the instructions in your editor to edit
your configuration file:

    git config --global --edit

After doing this, you may fix the identity used for this commit with:

    git commit --amend --reset-author

 1 file changed, 1 insertion(+)
M	myhttpd.cc
Your branch is up to date with 'origin/master'.
[master 9e07c2b] Web Server
 Committer: Jackson Nicholas Bauer <bauer88@data.cs.purdue.edu>
Your name and email address were configured automatically based
on your username and hostname. Please check that they are accurate.
You can suppress this message by setting them explicitly. Run the
following command and follow the instructions in your editor to edit
your configuration file:

    git config --global --edit

After doing this, you may fix the identity used for this commit with:

    git commit --amend --reset-author

 1 file changed, 3 insertions(+), 1 deletion(-)
M	myhttpd.cc
Your branch is up to date with 'origin/master'.
[master eeee0e0] Web Server
 Committer: Jackson Nicholas Bauer <bauer88@data.cs.purdue.edu>
Your name and email address were configured automatically based
on your username and hostname. Please check that they are accurate.
You can suppress this message by setting them explicitly. Run the
following command and follow the instructions in your editor to edit
your configuration file:

    git config --global --edit

After doing this, you may fix the identity used for this commit with:

    git commit --amend --reset-author

 1 file changed, 1 insertion(+)
M	myhttpd.cc
Your branch is up to date with 'origin/master'.
[master a4195dc] Web Server
 Committer: Jackson Nicholas Bauer <bauer88@data.cs.purdue.edu>
Your name and email address were configured automatically based
on your username and hostname. Please check that they are accurate.
You can suppress this message by setting them explicitly. Run the
following command and follow the instructions in your editor to edit
your configuration file:

    git config --global --edit

After doing this, you may fix the identity used for this commit with:

    git commit --amend --reset-author

 1 file changed, 2 insertions(+)
M	myhttpd.cc
Your branch is up to date with 'origin/master'.
[master ff2eaf9] Web Server
 Committer: Jackson Nicholas Bauer <bauer88@data.cs.purdue.edu>
Your name and email address were configured automatically based
on your username and hostname. Please check that they are accurate.
You can suppress this message by setting them explicitly. Run the
following command and follow the instructions in your editor to edit
your configuration file:

    git config --global --edit

After doing this, you may fix the identity used for this commit with:

    git commit --amend --reset-author

 1 file changed, 1 insertion(+)
M	myhttpd.cc
Your branch is up to date with 'origin/master'.
[master def1e00] Web Server
 Committer: Jackson Nicholas Bauer <bauer88@data.cs.purdue.edu>
Your name and email address were configured automatically based
on your username and hostname. Please check that they are accurate.
You can suppress this message by setting them explicitly. Run the
following command and follow the instructions in your editor to edit
your configuration file:

    git config --global --edit

After doing this, you may fix the identity used for this commit with:

    git commit --amend --reset-author

 1 file changed, 2 insertions(+), 2 deletions(-)
M	myhttpd.cc
Your branch is up to date with 'origin/master'.
[master 5e99a26] Web Server
 Committer: Jackson Nicholas Bauer <bauer88@data.cs.purdue.edu>
Your name and email address were configured automatically based
on your username and hostname. Please check that they are accurate.
You can suppress this message by setting them explicitly. Run the
following command and follow the instructions in your editor to edit
your configuration file:

    git config --global --edit

After doing this, you may fix the identity used for this commit with:

    git commit --amend --reset-author

 1 file changed, 3 insertions(+), 3 deletions(-)
M	myhttpd.cc
Your branch is up to date with 'origin/master'.
[master 0c75d40] Web Server
 Committer: Jackson Nicholas Bauer <bauer88@data.cs.purdue.edu>
Your name and email address were configured automatically based
on your username and hostname. Please check that they are accurate.
You can suppress this message by setting them explicitly. Run the
following command and follow the instructions in your editor to edit
your configuration file:

    git config --global --edit

After doing this, you may fix the identity used for this commit with:

    git commit --amend --reset-author

 1 file changed, 6 insertions(+), 3 deletions(-)
M	myhttpd.cc
Your branch is up to date with 'origin/master'.
[master 6fb90dd] Web Server
 Committer: Jackson Nicholas Bauer <bauer88@data.cs.purdue.edu>
Your name and email address were configured automatically based
on your username and hostname. Please check that they are accurate.
You can suppress this message by setting them explicitly. Run the
following command and follow the instructions in your editor to edit
your configuration file:

    git config --global --edit

After doing this, you may fix the identity used for this commit with:

    git commit --amend --reset-author

 1 file changed, 1 insertion(+), 1 deletion(-)
M	myhttpd.cc
Your branch is up to date with 'origin/master'.
[master 4f2fbf2] Web Server
 Committer: Jackson Nicholas Bauer <bauer88@data.cs.purdue.edu>
Your name and email address were configured automatically based
on your username and hostname. Please check that they are accurate.
You can suppress this message by setting them explicitly. Run the
following command and follow the instructions in your editor to edit
your configuration file:

    git config --global --edit

After doing this, you may fix the identity used for this commit with:

    git commit --amend --reset-author

 1 file changed, 2 insertions(+)
Your branch is up to date with 'origin/master'.
On branch master
Your branch is up to date with 'origin/master'.

Untracked files:
	.local.git.out
	daytime-client
	daytime-client.o
	daytime-server
	daytime-server.o
	hello.o
	hello.so
	myhttpd
	myhttpd.cc.save
	myhttpd.cc.save.1
	myhttpd.o
	use-dlopen
	use-dlopen.o

nothing added to commit but untracked files present
M	myhttpd.cc
Your branch is up to date with 'origin/master'.
[master 116e724] Web Server
 Committer: Jackson Nicholas Bauer <bauer88@data.cs.purdue.edu>
Your name and email address were configured automatically based
on your username and hostname. Please check that they are accurate.
You can suppress this message by setting them explicitly. Run the
following command and follow the instructions in your editor to edit
your configuration file:

    git config --global --edit

After doing this, you may fix the identity used for this commit with:

    git commit --amend --reset-author

 1 file changed, 19 insertions(+)
Your branch is up to date with 'origin/master'.
On branch master
Your branch is up to date with 'origin/master'.

Untracked files:
	.local.git.out
	daytime-client
	daytime-client.o
	daytime-server
	daytime-server.o
	hello.o
	hello.so
	myhttpd
	myhttpd.cc.save
	myhttpd.cc.save.1
	myhttpd.o
	use-dlopen
	use-dlopen.o

nothing added to commit but untracked files present
M	myhttpd.cc
Your branch is up to date with 'origin/master'.
[master 82e5083] Web Server
 Committer: Jackson Nicholas Bauer <bauer88@data.cs.purdue.edu>
Your name and email address were configured automatically based
on your username and hostname. Please check that they are accurate.
You can suppress this message by setting them explicitly. Run the
following command and follow the instructions in your editor to edit
your configuration file:

    git config --global --edit

After doing this, you may fix the identity used for this commit with:

    git commit --amend --reset-author

 1 file changed, 1 insertion(+), 1 deletion(-)
M	myhttpd.cc
Your branch is up to date with 'origin/master'.
[master fd092a8] Web Server
 Committer: Jackson Nicholas Bauer <bauer88@data.cs.purdue.edu>
Your name and email address were configured automatically based
on your username and hostname. Please check that they are accurate.
You can suppress this message by setting them explicitly. Run the
following command and follow the instructions in your editor to edit
your configuration file:

    git config --global --edit

After doing this, you may fix the identity used for this commit with:

    git commit --amend --reset-author

 1 file changed, 1 insertion(+), 1 deletion(-)
